Added Component: Designator=C1(C0603)
Added Component: Designator=C2(C0603)
Added Component: Designator=C3(C0603)
Added Component: Designator=C4(C10x16)
Added Component: Designator=C5(C0603)
Added Component: Designator=C6(C0603)
Added Component: Designator=C7(C0603)
Added Component: Designator=C8(C0603)
Added Component: Designator=C9(C0603)
Added Component: Designator=C10(C0603)
Added Component: Designator=C11(C0603)
Added Component: Designator=C12(C0603)
Added Component: Designator=D1(0603LED_RED)
Added Component: Designator=Q1(SOT23-3N)
Added Component: Designator=Q2(SOT23-3N)
Added Component: Designator=Q3(SOT23-3N)
Added Component: Designator=R1(R0603)
Added Component: Designator=R2(R0603)
Added Component: Designator=R3(R0603)
Added Component: Designator=R4(R0603)
Added Component: Designator=R5(R0603)
Added Component: Designator=R6(R0603)
Added Component: Designator=R7(R0603)
Added Component: Designator=R8(R0603)
Added Component: Designator=R9(R0603)
Added Component: Designator=R10(R0603)
Added Component: Designator=R11(R0603)
Added Component: Designator=R12(R0603)
Added Component: Designator=R13(R0603)
Added Component: Designator=R14(R0603)
Added Component: Designator=R15(R0603)
Added Component: Designator=SW1(TSW 3*6*4.3-S-W)
Added Component: Designator=SW2(TSW 3*6*4.3-S-W)
Added Component: Designator=TypeC1(typec)
Added Component: Designator=U1(ESP32MOUDLE)
Added Component: Designator=U2(QFN28)
Added Component: Designator=U3(SOT-223)
Added Component: Designator=U4(1.3¥ÁIPS)
Added Component: Designator=U6(SOT23-3N)
Added Component: Designator=U7(SOT23-3N)
Added Pin To Net: NetName=3.3V Pin=C3-2
Added Pin To Net: NetName=3.3V Pin=C4-1
Added Pin To Net: NetName=3.3V Pin=R3-2
Added Pin To Net: NetName=3.3V Pin=R6-2
Added Pin To Net: NetName=3.3V Pin=R7-1
Added Pin To Net: NetName=3.3V Pin=R8-1
Added Pin To Net: NetName=3.3V Pin=R9-2
Added Pin To Net: NetName=3.3V Pin=R10-2
Added Pin To Net: NetName=3.3V Pin=U1-2
Added Pin To Net: NetName=3.3V Pin=U3-2
Added Pin To Net: NetName=3.3V Pin=U3-2
Added Net: Name=3.3V
Added Net: Name=6050 SCL
Added Net: Name=6050 SDA
Added Pin To Net: NetName=6050 3.3 Pin=C5-2
Added Pin To Net: NetName=6050 3.3 Pin=C8-2
Added Pin To Net: NetName=6050 3.3 Pin=C12-2
Added Pin To Net: NetName=6050 3.3 Pin=U7-2
Added Net: Name=6050 3.3
Added Pin To Net: NetName=BLK Pin=R14-1
Added Net: Name=BLK
Added Pin To Net: NetName=CLK Pin=U4-9
Added Net: Name=CLK
Added Pin To Net: NetName=CP-RXD Pin=R2-2
Added Pin To Net: NetName=CP-RXD Pin=R3-1
Added Pin To Net: NetName=CP-RXD Pin=U1-35
Added Net: Name=CP-RXD
Added Pin To Net: NetName=CP-TXD Pin=R1-2
Added Pin To Net: NetName=CP-TXD Pin=U1-34
Added Net: Name=CP-TXD
Added Pin To Net: NetName=CS Pin=U4-8
Added Net: Name=CS
Added Pin To Net: NetName=D+ Pin=TypeC1-A6
Added Pin To Net: NetName=D+ Pin=TypeC1-B6
Added Pin To Net: NetName=D+ Pin=U2-4
Added Net: Name=D+
Added Pin To Net: NetName=D- Pin=TypeC1-A7
Added Pin To Net: NetName=D- Pin=TypeC1-B7
Added Pin To Net: NetName=D- Pin=U2-5
Added Net: Name=D-
Added Pin To Net: NetName=D/C Pin=U4-7
Added Net: Name=D/C
Added Pin To Net: NetName=DTR Pin=Q2-2
Added Pin To Net: NetName=DTR Pin=R4-2
Added Pin To Net: NetName=DTR Pin=U2-28
Added Net: Name=DTR
Added Pin To Net: NetName=EN Pin=C1-2
Added Pin To Net: NetName=EN Pin=Q1-3
Added Pin To Net: NetName=EN Pin=R6-1
Added Pin To Net: NetName=EN Pin=SW1-1
Added Pin To Net: NetName=EN Pin=U1-3
Added Net: Name=EN
Added Pin To Net: NetName=GND Pin=C1-1
Added Pin To Net: NetName=GND Pin=C2-1
Added Pin To Net: NetName=GND Pin=C3-1
Added Pin To Net: NetName=GND Pin=C4-2
Added Pin To Net: NetName=GND Pin=C5-1
Added Pin To Net: NetName=GND Pin=C6-2
Added Pin To Net: NetName=GND Pin=C7-2
Added Pin To Net: NetName=GND Pin=C8-1
Added Pin To Net: NetName=GND Pin=C9-1
Added Pin To Net: NetName=GND Pin=C10-1
Added Pin To Net: NetName=GND Pin=C11-1
Added Pin To Net: NetName=GND Pin=C12-1
Added Pin To Net: NetName=GND Pin=D1-2
Added Pin To Net: NetName=GND Pin=Q3-2
Added Pin To Net: NetName=GND Pin=R11-2
Added Pin To Net: NetName=GND Pin=SW1-2
Added Pin To Net: NetName=GND Pin=SW2-2
Added Pin To Net: NetName=GND Pin=TypeC1-A1
Added Pin To Net: NetName=GND Pin=TypeC1-A12
Added Pin To Net: NetName=GND Pin=TypeC1-B1
Added Pin To Net: NetName=GND Pin=TypeC1-B12
Added Pin To Net: NetName=GND Pin=U1-1
Added Pin To Net: NetName=GND Pin=U1-15
Added Pin To Net: NetName=GND Pin=U1-38
Added Pin To Net: NetName=GND Pin=U1-39
Added Pin To Net: NetName=GND Pin=U2-3
Added Pin To Net: NetName=GND Pin=U3-1
Added Pin To Net: NetName=GND Pin=U4-1
Added Pin To Net: NetName=GND Pin=U4-5
Added Pin To Net: NetName=GND Pin=U4-6
Added Pin To Net: NetName=GND Pin=U4-12
Added Pin To Net: NetName=GND Pin=U6-1
Added Pin To Net: NetName=GND Pin=U7-1
Added Net: Name=GND
Added Pin To Net: NetName=GPIO0 Pin=Q2-3
Added Pin To Net: NetName=GPIO0 Pin=R9-1
Added Pin To Net: NetName=GPIO0 Pin=SW2-1
Added Pin To Net: NetName=GPIO0 Pin=U1-25
Added Net: Name=GPIO0
Added Pin To Net: NetName=IO2 Pin=R11-1
Added Pin To Net: NetName=IO2 Pin=U1-24
Added Net: Name=IO2
Added Pin To Net: NetName=IO5 Pin=R10-1
Added Pin To Net: NetName=IO5 Pin=U1-29
Added Net: Name=IO5
Added Pin To Net: NetName=IPS 3.3 Pin=C10-2
Added Pin To Net: NetName=IPS 3.3 Pin=R15-1
Added Pin To Net: NetName=IPS 3.3 Pin=U4-3
Added Pin To Net: NetName=IPS 3.3 Pin=U4-4
Added Pin To Net: NetName=IPS 3.3 Pin=U6-2
Added Net: Name=IPS 3.3
Added Pin To Net: NetName=LEDK Pin=R13-2
Added Pin To Net: NetName=LEDK Pin=U4-2
Added Net: Name=LEDK
Added Pin To Net: NetName=MOSI Pin=U4-10
Added Net: Name=MOSI
Added Pin To Net: NetName=NetC2_2 Pin=C2-2
Added Pin To Net: NetName=NetC2_2 Pin=R12-2
Added Pin To Net: NetName=NetC2_2 Pin=U3-3
Added Net: Name=NetC2_2
Added Pin To Net: NetName=NetC6_1 Pin=C6-1
Added Net: Name=NetC6_1
Added Pin To Net: NetName=NetC7_1 Pin=C7-1
Added Net: Name=NetC7_1
Added Pin To Net: NetName=NetD1_1 Pin=D1-1
Added Pin To Net: NetName=NetD1_1 Pin=R7-2
Added Net: Name=NetD1_1
Added Pin To Net: NetName=NetQ1_1 Pin=Q1-1
Added Pin To Net: NetName=NetQ1_1 Pin=R4-1
Added Net: Name=NetQ1_1
Added Pin To Net: NetName=NetQ2_1 Pin=Q2-1
Added Pin To Net: NetName=NetQ2_1 Pin=R5-1
Added Net: Name=NetQ2_1
Added Pin To Net: NetName=NetQ3_1 Pin=Q3-1
Added Pin To Net: NetName=NetQ3_1 Pin=R14-2
Added Pin To Net: NetName=NetQ3_1 Pin=R15-2
Added Net: Name=NetQ3_1
Added Pin To Net: NetName=NetQ3_3 Pin=Q3-3
Added Pin To Net: NetName=NetQ3_3 Pin=R13-1
Added Net: Name=NetQ3_3
Added Pin To Net: NetName=NetR1_1 Pin=R1-1
Added Pin To Net: NetName=NetR1_1 Pin=U2-26
Added Net: Name=NetR1_1
Added Pin To Net: NetName=NetR2_1 Pin=R2-1
Added Pin To Net: NetName=NetR2_1 Pin=U2-25
Added Net: Name=NetR2_1
Added Pin To Net: NetName=NetR8_2 Pin=R8-2
Added Pin To Net: NetName=NetR8_2 Pin=U2-9
Added Net: Name=NetR8_2
Added Pin To Net: NetName=RES Pin=U4-11
Added Net: Name=RES
Added Pin To Net: NetName=RTS Pin=Q1-2
Added Pin To Net: NetName=RTS Pin=R5-2
Added Pin To Net: NetName=RTS Pin=U2-24
Added Net: Name=RTS
Added Pin To Net: NetName=VUSB Pin=C9-2
Added Pin To Net: NetName=VUSB Pin=C11-2
Added Pin To Net: NetName=VUSB Pin=R12-1
Added Pin To Net: NetName=VUSB Pin=TypeC1-A4
Added Pin To Net: NetName=VUSB Pin=TypeC1-A9
Added Pin To Net: NetName=VUSB Pin=TypeC1-B4
Added Pin To Net: NetName=VUSB Pin=TypeC1-B9
Added Pin To Net: NetName=VUSB Pin=U6-3
Added Pin To Net: NetName=VUSB Pin=U7-3
Added Net: Name=VUSB
Added Class: Name=ESP32
Added Room: Name=ESP32
